4/2/2020 4:03:08 PM, Info: Initializing SIMPLSharp Services...
4/2/2020 4:03:10 PM, Info: ProjectInfo successfully initialized.
4/2/2020 4:05:04 PM, Info: Validating assembly D:\C#\s#\JsonConfig\JsonConfigManager\JsonConfigManager\bin\Debug\JsonConfigManager.dll...
4/2/2020 4:05:05 PM, Info: Verifying assembly D:\C#\s#\JsonConfig\JsonConfigManager\JsonConfigManager\bin\Debug\JsonConfigManager.dll
4/2/2020 4:05:06 PM, Info: Creating Archive D:\C#\s#\JsonConfig\JsonConfigManager\JsonConfigManager\bin\Debug\JsonConfigManager.clz...
4/2/2020 4:05:07 PM, Info: Saving project information...
4/2/2020 4:06:01 PM, Info: Validating assembly D:\C#\s#\JsonConfig\JsonConfigManager\JsonConfigManager\bin\Debug\JsonConfigManager.dll...
4/2/2020 4:06:01 PM, Info: Verifying assembly D:\C#\s#\JsonConfig\JsonConfigManager\JsonConfigManager\bin\Debug\JsonConfigManager.dll
4/2/2020 4:06:02 PM, Info: Creating Archive D:\C#\s#\JsonConfig\JsonConfigManager\JsonConfigManager\bin\Debug\JsonConfigManager.clz...
4/2/2020 4:06:03 PM, Info: Saving project information...
4/2/2020 4:08:03 PM, Info: Validating assembly D:\C#\s#\JsonConfig\JsonConfigManager\JsonConfigManager\bin\Debug\JsonConfigManager.dll...
4/2/2020 4:08:03 PM, Info: Verifying assembly D:\C#\s#\JsonConfig\JsonConfigManager\JsonConfigManager\bin\Debug\JsonConfigManager.dll
4/2/2020 4:08:03 PM, Info: Creating Archive D:\C#\s#\JsonConfig\JsonConfigManager\JsonConfigManager\bin\Debug\JsonConfigManager.clz...
4/2/2020 4:08:04 PM, Info: Saving project information...
4/2/2020 4:17:20 PM, Info: Validating assembly D:\C#\s#\JsonConfig\JsonConfigManager\JsonConfigManager\bin\Debug\JsonConfigManager.dll...
4/2/2020 4:17:20 PM, Info: Verifying assembly D:\C#\s#\JsonConfig\JsonConfigManager\JsonConfigManager\bin\Debug\JsonConfigManager.dll
4/2/2020 4:17:20 PM, Info: Creating Archive D:\C#\s#\JsonConfig\JsonConfigManager\JsonConfigManager\bin\Debug\JsonConfigManager.clz...
4/2/2020 4:17:21 PM, Info: Saving project information...
4/2/2020 4:26:36 PM, Info: Validating assembly D:\C#\s#\JsonConfig\JsonConfigManager\JsonConfigManager\bin\Debug\JsonConfigManager.dll...
4/2/2020 4:26:36 PM, Info: Verifying assembly D:\C#\s#\JsonConfig\JsonConfigManager\JsonConfigManager\bin\Debug\JsonConfigManager.dll
4/2/2020 4:26:37 PM, Info: Creating Archive D:\C#\s#\JsonConfig\JsonConfigManager\JsonConfigManager\bin\Debug\JsonConfigManager.clz...
4/2/2020 4:26:38 PM, Info: Saving project information...
4/2/2020 4:28:17 PM, Info: Validating assembly D:\C#\s#\JsonConfig\JsonConfigManager\JsonConfigManager\bin\Debug\JsonConfigManager.dll...
4/2/2020 4:28:17 PM, Info: Verifying assembly D:\C#\s#\JsonConfig\JsonConfigManager\JsonConfigManager\bin\Debug\JsonConfigManager.dll
4/2/2020 4:28:18 PM, Info: Creating Archive D:\C#\s#\JsonConfig\JsonConfigManager\JsonConfigManager\bin\Debug\JsonConfigManager.clz...
4/2/2020 4:28:19 PM, Info: Saving project information...
4/2/2020 4:35:29 PM, Info: Validating assembly D:\C#\s#\JsonConfig\JsonConfigManager\JsonConfigManager\bin\Debug\JsonConfigManager.dll...
4/2/2020 4:35:30 PM, Info: Verifying assembly D:\C#\s#\JsonConfig\JsonConfigManager\JsonConfigManager\bin\Debug\JsonConfigManager.dll
4/2/2020 4:35:30 PM, Info: Creating Archive D:\C#\s#\JsonConfig\JsonConfigManager\JsonConfigManager\bin\Debug\JsonConfigManager.clz...
4/2/2020 4:35:31 PM, Info: Saving project information...
4/2/2020 4:38:03 PM, Info: Validating assembly D:\C#\s#\JsonConfig\JsonConfigManager\JsonConfigManager\bin\Debug\JsonConfigManager.dll...
4/2/2020 4:38:03 PM, Info: Verifying assembly D:\C#\s#\JsonConfig\JsonConfigManager\JsonConfigManager\bin\Debug\JsonConfigManager.dll
4/2/2020 4:38:03 PM, Info: Creating Archive D:\C#\s#\JsonConfig\JsonConfigManager\JsonConfigManager\bin\Debug\JsonConfigManager.clz...
4/2/2020 4:38:04 PM, Info: Saving project information...
4/2/2020 4:38:14 PM, Info: Validating assembly D:\C#\s#\JsonConfig\JsonConfigManager\JsonConfigManager\bin\Debug\JsonConfigManager.dll...
4/2/2020 4:38:14 PM, Info: Verifying assembly D:\C#\s#\JsonConfig\JsonConfigManager\JsonConfigManager\bin\Debug\JsonConfigManager.dll
4/2/2020 4:38:14 PM, Info: Creating Archive D:\C#\s#\JsonConfig\JsonConfigManager\JsonConfigManager\bin\Debug\JsonConfigManager.clz...
4/2/2020 4:38:15 PM, Info: Saving project information...
4/2/2020 4:45:27 PM, Info: Validating assembly D:\C#\s#\JsonConfig\JsonConfigManager\JsonConfigManager\bin\Debug\JsonConfigManager.dll...
4/2/2020 4:45:27 PM, Info: Verifying assembly D:\C#\s#\JsonConfig\JsonConfigManager\JsonConfigManager\bin\Debug\JsonConfigManager.dll
4/2/2020 4:45:28 PM, Info: Creating Archive D:\C#\s#\JsonConfig\JsonConfigManager\JsonConfigManager\bin\Debug\JsonConfigManager.clz...
4/2/2020 4:45:29 PM, Info: Saving project information...
4/2/2020 4:51:10 PM, Info: Validating assembly D:\C#\s#\JsonConfig\JsonConfigManager\JsonConfigManager\bin\Debug\JsonConfigManager.dll...
4/2/2020 4:51:11 PM, Info: Verifying assembly D:\C#\s#\JsonConfig\JsonConfigManager\JsonConfigManager\bin\Debug\JsonConfigManager.dll
4/2/2020 4:51:11 PM, Info: Creating Archive D:\C#\s#\JsonConfig\JsonConfigManager\JsonConfigManager\bin\Debug\JsonConfigManager.clz...
4/2/2020 4:51:12 PM, Info: Saving project information...
4/2/2020 4:56:31 PM, Info: Validating assembly D:\C#\s#\JsonConfig\JsonConfigManager\JsonConfigManager\bin\Debug\JsonConfigManager.dll...
4/2/2020 4:56:31 PM, Info: Verifying assembly D:\C#\s#\JsonConfig\JsonConfigManager\JsonConfigManager\bin\Debug\JsonConfigManager.dll
4/2/2020 4:56:32 PM, Info: Creating Archive D:\C#\s#\JsonConfig\JsonConfigManager\JsonConfigManager\bin\Debug\JsonConfigManager.clz...
4/2/2020 4:56:33 PM, Info: Saving project information...
4/2/2020 4:56:53 PM, Info: Validating assembly D:\C#\s#\JsonConfig\JsonConfigManager\JsonConfigManager\bin\Debug\JsonConfigManager.dll...
4/2/2020 4:56:53 PM, Info: Verifying assembly D:\C#\s#\JsonConfig\JsonConfigManager\JsonConfigManager\bin\Debug\JsonConfigManager.dll
4/2/2020 4:56:54 PM, Info: Creating Archive D:\C#\s#\JsonConfig\JsonConfigManager\JsonConfigManager\bin\Debug\JsonConfigManager.clz...
4/2/2020 4:56:55 PM, Info: Saving project information...
4/2/2020 5:06:35 PM, Info: Validating assembly D:\C#\s#\JsonConfig\JsonConfigManager\JsonConfigManager\bin\Debug\JsonConfigManager.dll...
4/2/2020 5:06:36 PM, Info: Verifying assembly D:\C#\s#\JsonConfig\JsonConfigManager\JsonConfigManager\bin\Debug\JsonConfigManager.dll
4/2/2020 5:06:36 PM, Info: Creating Archive D:\C#\s#\JsonConfig\JsonConfigManager\JsonConfigManager\bin\Debug\JsonConfigManager.clz...
4/2/2020 5:06:37 PM, Info: Saving project information...
4/2/2020 5:15:30 PM, Info: Validating assembly D:\C#\s#\JsonConfig\JsonConfigManager\JsonConfigManager\bin\Debug\JsonConfigManager.dll...
4/2/2020 5:15:31 PM, Info: Verifying assembly D:\C#\s#\JsonConfig\JsonConfigManager\JsonConfigManager\bin\Debug\JsonConfigManager.dll
4/2/2020 5:15:32 PM, Info: Creating Archive D:\C#\s#\JsonConfig\JsonConfigManager\JsonConfigManager\bin\Debug\JsonConfigManager.clz...
4/2/2020 5:15:33 PM, Info: Saving project information...
4/2/2020 5:33:57 PM, Info: Validating assembly D:\C#\s#\JsonConfig\JsonConfigManager\JsonConfigManager\bin\Debug\JsonConfigManager.dll...
4/2/2020 5:33:58 PM, Info: Verifying assembly D:\C#\s#\JsonConfig\JsonConfigManager\JsonConfigManager\bin\Debug\JsonConfigManager.dll
4/2/2020 5:33:58 PM, Info: Creating Archive D:\C#\s#\JsonConfig\JsonConfigManager\JsonConfigManager\bin\Debug\JsonConfigManager.clz...
4/2/2020 5:34:00 PM, Info: Saving project information...
4/2/2020 5:36:59 PM, Info: Validating assembly D:\C#\s#\JsonConfig\JsonConfigManager\JsonConfigManager\bin\Debug\JsonConfigManager.dll...
4/2/2020 5:37:00 PM, Info: Verifying assembly D:\C#\s#\JsonConfig\JsonConfigManager\JsonConfigManager\bin\Debug\JsonConfigManager.dll
4/2/2020 5:37:01 PM, Info: Creating Archive D:\C#\s#\JsonConfig\JsonConfigManager\JsonConfigManager\bin\Debug\JsonConfigManager.clz...
4/2/2020 5:37:03 PM, Info: Saving project information...
4/2/2020 5:38:10 PM, Info: Validating assembly D:\C#\s#\JsonConfig\JsonConfigManager\JsonConfigManager\bin\Debug\JsonConfigManager.dll...
4/2/2020 5:38:10 PM, Info: Verifying assembly D:\C#\s#\JsonConfig\JsonConfigManager\JsonConfigManager\bin\Debug\JsonConfigManager.dll
4/2/2020 5:38:11 PM, Info: Creating Archive D:\C#\s#\JsonConfig\JsonConfigManager\JsonConfigManager\bin\Debug\JsonConfigManager.clz...
4/2/2020 5:38:12 PM, Info: Saving project information...
4/2/2020 5:56:26 PM, Info: Validating assembly D:\C#\s#\JsonConfig\JsonConfigManager\JsonConfigManager\bin\Debug\JsonConfigManager.dll...
4/2/2020 5:56:27 PM, Info: Verifying assembly D:\C#\s#\JsonConfig\JsonConfigManager\JsonConfigManager\bin\Debug\JsonConfigManager.dll
4/2/2020 5:56:27 PM, Info: Creating Archive D:\C#\s#\JsonConfig\JsonConfigManager\JsonConfigManager\bin\Debug\JsonConfigManager.clz...
4/2/2020 5:56:29 PM, Info: Saving project information...
4/2/2020 5:57:15 PM, Info: Terminating SIMPLSharp Services
