4/3/2020 8:03:47 AM, Info: Initializing SIMPLSharp Services...
4/3/2020 8:03:47 AM, Info: ProjectInfo successfully initialized.
4/3/2020 9:33:37 AM, Info: Validating assembly D:\C#\s#\JsonConfig\JsonConfigManager\JsonConfigManager\bin\Debug\JsonConfigManager.dll...
4/3/2020 9:33:37 AM, Info: Verifying assembly D:\C#\s#\JsonConfig\JsonConfigManager\JsonConfigManager\bin\Debug\JsonConfigManager.dll
4/3/2020 9:33:38 AM, Info: Creating Archive D:\C#\s#\JsonConfig\JsonConfigManager\JsonConfigManager\bin\Debug\JsonConfigManager.clz...
4/3/2020 9:33:39 AM, Info: Saving project information...
4/3/2020 1:01:01 PM, Info: Validating assembly D:\C#\s#\JsonConfig\JsonConfigManager\JsonConfigManager\bin\Debug\JsonConfigManager.dll...
4/3/2020 1:01:01 PM, Info: Verifying assembly D:\C#\s#\JsonConfig\JsonConfigManager\JsonConfigManager\bin\Debug\JsonConfigManager.dll
4/3/2020 1:01:01 PM, Info: Creating Archive D:\C#\s#\JsonConfig\JsonConfigManager\JsonConfigManager\bin\Debug\JsonConfigManager.clz...
4/3/2020 1:01:02 PM, Info: Saving project information...
4/3/2020 1:28:53 PM, Info: Validating assembly D:\C#\s#\JsonConfig\JsonConfigManager\JsonConfigManager\bin\Debug\JsonConfigManager.dll...
4/3/2020 1:28:54 PM, Info: Verifying assembly D:\C#\s#\JsonConfig\JsonConfigManager\JsonConfigManager\bin\Debug\JsonConfigManager.dll
4/3/2020 1:28:54 PM, Info: Creating Archive D:\C#\s#\JsonConfig\JsonConfigManager\JsonConfigManager\bin\Debug\JsonConfigManager.clz...
4/3/2020 1:28:55 PM, Info: Saving project information...
4/3/2020 1:44:09 PM, Info: Validating assembly D:\C#\s#\JsonConfig\JsonConfigManager\JsonConfigManager\bin\Debug\JsonConfigManager.dll...
4/3/2020 1:44:10 PM, Info: Verifying assembly D:\C#\s#\JsonConfig\JsonConfigManager\JsonConfigManager\bin\Debug\JsonConfigManager.dll
4/3/2020 1:44:10 PM, Info: Creating Archive D:\C#\s#\JsonConfig\JsonConfigManager\JsonConfigManager\bin\Debug\JsonConfigManager.clz...
4/3/2020 1:44:11 PM, Info: Saving project information...
4/3/2020 1:52:01 PM, Info: Validating assembly D:\C#\s#\JsonConfig\JsonConfigManager\JsonConfigManager\bin\Debug\JsonConfigManager.dll...
4/3/2020 1:52:02 PM, Info: Verifying assembly D:\C#\s#\JsonConfig\JsonConfigManager\JsonConfigManager\bin\Debug\JsonConfigManager.dll
4/3/2020 1:52:02 PM, Info: Creating Archive D:\C#\s#\JsonConfig\JsonConfigManager\JsonConfigManager\bin\Debug\JsonConfigManager.clz...
4/3/2020 1:52:03 PM, Info: Saving project information...
4/3/2020 1:53:09 PM, Info: Validating assembly D:\C#\s#\JsonConfig\JsonConfigManager\JsonConfigManager\bin\Debug\JsonConfigManager.dll...
4/3/2020 1:53:09 PM, Info: Verifying assembly D:\C#\s#\JsonConfig\JsonConfigManager\JsonConfigManager\bin\Debug\JsonConfigManager.dll
4/3/2020 1:53:09 PM, Info: Creating Archive D:\C#\s#\JsonConfig\JsonConfigManager\JsonConfigManager\bin\Debug\JsonConfigManager.clz...
4/3/2020 1:53:10 PM, Info: Saving project information...
4/3/2020 1:59:42 PM, Info: Validating assembly D:\C#\s#\JsonConfig\JsonConfigManager\JsonConfigManager\bin\Debug\JsonConfigManager.dll...
4/3/2020 1:59:42 PM, Info: Verifying assembly D:\C#\s#\JsonConfig\JsonConfigManager\JsonConfigManager\bin\Debug\JsonConfigManager.dll
4/3/2020 1:59:42 PM, Info: Creating Archive D:\C#\s#\JsonConfig\JsonConfigManager\JsonConfigManager\bin\Debug\JsonConfigManager.clz...
4/3/2020 1:59:43 PM, Info: Saving project information...
4/3/2020 2:42:57 PM, Info: Terminating SIMPLSharp Services
