4/2/2020 10:04:48 AM, Info: Initializing SIMPLSharp Services...
4/2/2020 10:04:48 AM, Info: ProjectInfo successfully initialized.
4/2/2020 10:04:52 AM, Info: Saving project information...
4/2/2020 10:04:53 AM, Info: Saving project information...
4/2/2020 10:04:53 AM, Info: Saving project information...
4/2/2020 10:04:53 AM, Info: Saving project information...
4/2/2020 10:04:53 AM, Info: Saving project information...
4/2/2020 10:04:53 AM, Info: Saving project information...
4/2/2020 10:05:29 AM, Info: Saving project information...
4/2/2020 10:05:30 AM, Info: Saving project information...
4/2/2020 10:05:30 AM, Info: Saving project information...
4/2/2020 10:06:07 AM, Info: Saving project information...
4/2/2020 10:06:07 AM, Info: Saving project information...
4/2/2020 10:06:07 AM, Info: Saving project information...
4/2/2020 10:06:07 AM, Info: Saving project information...
4/2/2020 10:06:07 AM, Info: Saving project information...
4/2/2020 10:06:07 AM, Info: Saving project information...
4/2/2020 10:06:10 AM, Info: Validating assembly D:\C#\s#\JsonConfig\JsonConfigManager\JsonConfigManager\bin\Debug\JsonConfigManager.dll...
4/2/2020 10:06:11 AM, Info: Verifying assembly D:\C#\s#\JsonConfig\JsonConfigManager\JsonConfigManager\bin\Debug\JsonConfigManager.dll
4/2/2020 10:06:12 AM, Info: Creating Archive D:\C#\s#\JsonConfig\JsonConfigManager\JsonConfigManager\bin\Debug\JsonConfigManager.clz...
4/2/2020 10:06:13 AM, Info: Saving project information...
4/2/2020 10:10:12 AM, Info: Validating assembly D:\C#\s#\JsonConfig\JsonConfigManager\JsonConfigManager\bin\Debug\JsonConfigManager.dll...
4/2/2020 10:10:13 AM, Info: Verifying assembly D:\C#\s#\JsonConfig\JsonConfigManager\JsonConfigManager\bin\Debug\JsonConfigManager.dll
4/2/2020 10:10:14 AM, Info: Creating Archive D:\C#\s#\JsonConfig\JsonConfigManager\JsonConfigManager\bin\Debug\JsonConfigManager.clz...
4/2/2020 10:10:15 AM, Info: Saving project information...
4/2/2020 11:13:58 AM, Info: Validating assembly D:\C#\s#\JsonConfig\JsonConfigManager\JsonConfigManager\bin\Debug\JsonConfigManager.dll...
4/2/2020 11:13:58 AM, Info: Verifying assembly D:\C#\s#\JsonConfig\JsonConfigManager\JsonConfigManager\bin\Debug\JsonConfigManager.dll
4/2/2020 11:13:58 AM, Info: Creating Archive D:\C#\s#\JsonConfig\JsonConfigManager\JsonConfigManager\bin\Debug\JsonConfigManager.clz...
4/2/2020 11:14:00 AM, Info: Saving project information...
4/2/2020 11:14:37 AM, Info: Saving project information...
4/2/2020 11:14:37 AM, Info: Saving project information...
4/2/2020 11:14:37 AM, Info: Saving project information...
4/2/2020 11:14:37 AM, Info: Saving project information...
4/2/2020 11:14:37 AM, Info: Saving project information...
4/2/2020 11:14:37 AM, Info: Saving project information...
4/2/2020 11:15:15 AM, Info: Validating assembly D:\C#\s#\JsonConfig\JsonConfigManager\JsonConfigManager\bin\Debug\JsonConfigManager.dll...
4/2/2020 11:15:16 AM, Info: Verifying assembly D:\C#\s#\JsonConfig\JsonConfigManager\JsonConfigManager\bin\Debug\JsonConfigManager.dll
4/2/2020 11:15:17 AM, Info: Creating Archive D:\C#\s#\JsonConfig\JsonConfigManager\JsonConfigManager\bin\Debug\JsonConfigManager.clz...
4/2/2020 11:15:18 AM, Info: Saving project information...
4/2/2020 11:30:43 AM, Info: Validating assembly D:\C#\s#\JsonConfig\JsonConfigManager\JsonConfigManager\bin\Debug\JsonConfigManager.dll...
4/2/2020 11:30:43 AM, Info: Verifying assembly D:\C#\s#\JsonConfig\JsonConfigManager\JsonConfigManager\bin\Debug\JsonConfigManager.dll
4/2/2020 11:30:44 AM, Info: Creating Archive D:\C#\s#\JsonConfig\JsonConfigManager\JsonConfigManager\bin\Debug\JsonConfigManager.clz...
4/2/2020 11:30:45 AM, Info: Saving project information...
4/2/2020 11:37:28 AM, Info: Validating assembly D:\C#\s#\JsonConfig\JsonConfigManager\JsonConfigManager\bin\Debug\JsonConfigManager.dll...
4/2/2020 11:37:29 AM, Info: Verifying assembly D:\C#\s#\JsonConfig\JsonConfigManager\JsonConfigManager\bin\Debug\JsonConfigManager.dll
4/2/2020 11:37:29 AM, Info: Creating Archive D:\C#\s#\JsonConfig\JsonConfigManager\JsonConfigManager\bin\Debug\JsonConfigManager.clz...
4/2/2020 11:37:30 AM, Info: Saving project information...
4/2/2020 11:45:39 AM, Info: Validating assembly D:\C#\s#\JsonConfig\JsonConfigManager\JsonConfigManager\bin\Debug\JsonConfigManager.dll...
4/2/2020 11:45:40 AM, Info: Verifying assembly D:\C#\s#\JsonConfig\JsonConfigManager\JsonConfigManager\bin\Debug\JsonConfigManager.dll
4/2/2020 11:45:40 AM, Info: Creating Archive D:\C#\s#\JsonConfig\JsonConfigManager\JsonConfigManager\bin\Debug\JsonConfigManager.clz...
4/2/2020 11:45:41 AM, Info: Saving project information...
4/2/2020 11:46:07 AM, Info: Validating assembly D:\C#\s#\JsonConfig\JsonConfigManager\JsonConfigManager\bin\Debug\JsonConfigManager.dll...
4/2/2020 11:46:07 AM, Info: Verifying assembly D:\C#\s#\JsonConfig\JsonConfigManager\JsonConfigManager\bin\Debug\JsonConfigManager.dll
4/2/2020 11:46:07 AM, Info: Creating Archive D:\C#\s#\JsonConfig\JsonConfigManager\JsonConfigManager\bin\Debug\JsonConfigManager.clz...
4/2/2020 11:46:08 AM, Info: Saving project information...
4/2/2020 11:51:26 AM, Info: Validating assembly D:\C#\s#\JsonConfig\JsonConfigManager\JsonConfigManager\bin\Debug\JsonConfigManager.dll...
4/2/2020 11:51:26 AM, Info: Verifying assembly D:\C#\s#\JsonConfig\JsonConfigManager\JsonConfigManager\bin\Debug\JsonConfigManager.dll
4/2/2020 11:51:27 AM, Info: Creating Archive D:\C#\s#\JsonConfig\JsonConfigManager\JsonConfigManager\bin\Debug\JsonConfigManager.clz...
4/2/2020 11:51:28 AM, Info: Saving project information...
4/2/2020 11:55:46 AM, Info: Validating assembly D:\C#\s#\JsonConfig\JsonConfigManager\JsonConfigManager\bin\Debug\JsonConfigManager.dll...
4/2/2020 11:55:47 AM, Info: Verifying assembly D:\C#\s#\JsonConfig\JsonConfigManager\JsonConfigManager\bin\Debug\JsonConfigManager.dll
4/2/2020 11:55:47 AM, Info: Creating Archive D:\C#\s#\JsonConfig\JsonConfigManager\JsonConfigManager\bin\Debug\JsonConfigManager.clz...
4/2/2020 11:55:48 AM, Info: Saving project information...
4/2/2020 12:07:02 PM, Info: Validating assembly D:\C#\s#\JsonConfig\JsonConfigManager\JsonConfigManager\bin\Debug\JsonConfigManager.dll...
4/2/2020 12:07:03 PM, Info: Verifying assembly D:\C#\s#\JsonConfig\JsonConfigManager\JsonConfigManager\bin\Debug\JsonConfigManager.dll
4/2/2020 12:07:03 PM, Info: Creating Archive D:\C#\s#\JsonConfig\JsonConfigManager\JsonConfigManager\bin\Debug\JsonConfigManager.clz...
4/2/2020 12:07:04 PM, Info: Saving project information...
4/2/2020 12:09:27 PM, Info: Validating assembly D:\C#\s#\JsonConfig\JsonConfigManager\JsonConfigManager\bin\Debug\JsonConfigManager.dll...
4/2/2020 12:09:27 PM, Info: Verifying assembly D:\C#\s#\JsonConfig\JsonConfigManager\JsonConfigManager\bin\Debug\JsonConfigManager.dll
4/2/2020 12:09:27 PM, Info: Creating Archive D:\C#\s#\JsonConfig\JsonConfigManager\JsonConfigManager\bin\Debug\JsonConfigManager.clz...
4/2/2020 12:09:28 PM, Info: Saving project information...
4/2/2020 12:17:49 PM, Info: Validating assembly D:\C#\s#\JsonConfig\JsonConfigManager\JsonConfigManager\bin\Debug\JsonConfigManager.dll...
4/2/2020 12:17:49 PM, Info: Verifying assembly D:\C#\s#\JsonConfig\JsonConfigManager\JsonConfigManager\bin\Debug\JsonConfigManager.dll
4/2/2020 12:17:49 PM, Info: Creating Archive D:\C#\s#\JsonConfig\JsonConfigManager\JsonConfigManager\bin\Debug\JsonConfigManager.clz...
4/2/2020 12:17:50 PM, Info: Saving project information...
4/2/2020 12:19:42 PM, Info: Validating assembly D:\C#\s#\JsonConfig\JsonConfigManager\JsonConfigManager\bin\Debug\JsonConfigManager.dll...
4/2/2020 12:19:42 PM, Info: Verifying assembly D:\C#\s#\JsonConfig\JsonConfigManager\JsonConfigManager\bin\Debug\JsonConfigManager.dll
4/2/2020 12:19:43 PM, Info: Creating Archive D:\C#\s#\JsonConfig\JsonConfigManager\JsonConfigManager\bin\Debug\JsonConfigManager.clz...
4/2/2020 12:19:43 PM, Info: Saving project information...
4/2/2020 12:26:54 PM, Info: Validating assembly D:\C#\s#\JsonConfig\JsonConfigManager\JsonConfigManager\bin\Debug\JsonConfigManager.dll...
4/2/2020 12:26:55 PM, Info: Verifying assembly D:\C#\s#\JsonConfig\JsonConfigManager\JsonConfigManager\bin\Debug\JsonConfigManager.dll
4/2/2020 12:26:55 PM, Info: Creating Archive D:\C#\s#\JsonConfig\JsonConfigManager\JsonConfigManager\bin\Debug\JsonConfigManager.clz...
4/2/2020 12:26:56 PM, Info: Saving project information...
4/2/2020 12:27:10 PM, Info: Validating assembly D:\C#\s#\JsonConfig\JsonConfigManager\JsonConfigManager\bin\Debug\JsonConfigManager.dll...
4/2/2020 12:27:10 PM, Info: Verifying assembly D:\C#\s#\JsonConfig\JsonConfigManager\JsonConfigManager\bin\Debug\JsonConfigManager.dll
4/2/2020 12:27:11 PM, Info: Creating Archive D:\C#\s#\JsonConfig\JsonConfigManager\JsonConfigManager\bin\Debug\JsonConfigManager.clz...
4/2/2020 12:27:12 PM, Info: Saving project information...
4/2/2020 12:27:25 PM, Info: Validating assembly D:\C#\s#\JsonConfig\JsonConfigManager\JsonConfigManager\bin\Debug\JsonConfigManager.dll...
4/2/2020 12:27:25 PM, Info: Verifying assembly D:\C#\s#\JsonConfig\JsonConfigManager\JsonConfigManager\bin\Debug\JsonConfigManager.dll
4/2/2020 12:27:26 PM, Info: Creating Archive D:\C#\s#\JsonConfig\JsonConfigManager\JsonConfigManager\bin\Debug\JsonConfigManager.clz...
4/2/2020 12:27:27 PM, Info: Saving project information...
4/2/2020 12:30:05 PM, Info: Validating assembly D:\C#\s#\JsonConfig\JsonConfigManager\JsonConfigManager\bin\Debug\JsonConfigManager.dll...
4/2/2020 12:30:05 PM, Info: Verifying assembly D:\C#\s#\JsonConfig\JsonConfigManager\JsonConfigManager\bin\Debug\JsonConfigManager.dll
4/2/2020 12:30:06 PM, Info: Creating Archive D:\C#\s#\JsonConfig\JsonConfigManager\JsonConfigManager\bin\Debug\JsonConfigManager.clz...
4/2/2020 12:30:07 PM, Info: Saving project information...
4/2/2020 1:03:42 PM, Info: Validating assembly D:\C#\s#\JsonConfig\JsonConfigManager\JsonConfigManager\bin\Debug\JsonConfigManager.dll...
4/2/2020 1:03:43 PM, Info: Verifying assembly D:\C#\s#\JsonConfig\JsonConfigManager\JsonConfigManager\bin\Debug\JsonConfigManager.dll
4/2/2020 1:03:43 PM, Info: Creating Archive D:\C#\s#\JsonConfig\JsonConfigManager\JsonConfigManager\bin\Debug\JsonConfigManager.clz...
4/2/2020 1:03:44 PM, Info: Saving project information...
4/2/2020 1:04:22 PM, Info: Validating assembly D:\C#\s#\JsonConfig\JsonConfigManager\JsonConfigManager\bin\Debug\JsonConfigManager.dll...
4/2/2020 1:04:23 PM, Info: Verifying assembly D:\C#\s#\JsonConfig\JsonConfigManager\JsonConfigManager\bin\Debug\JsonConfigManager.dll
4/2/2020 1:04:23 PM, Info: Creating Archive D:\C#\s#\JsonConfig\JsonConfigManager\JsonConfigManager\bin\Debug\JsonConfigManager.clz...
4/2/2020 1:04:24 PM, Info: Saving project information...
4/2/2020 1:18:52 PM, Info: Validating assembly D:\C#\s#\JsonConfig\JsonConfigManager\JsonConfigManager\bin\Debug\JsonConfigManager.dll...
4/2/2020 1:18:52 PM, Info: Verifying assembly D:\C#\s#\JsonConfig\JsonConfigManager\JsonConfigManager\bin\Debug\JsonConfigManager.dll
4/2/2020 1:18:53 PM, Info: Creating Archive D:\C#\s#\JsonConfig\JsonConfigManager\JsonConfigManager\bin\Debug\JsonConfigManager.clz...
4/2/2020 1:18:54 PM, Info: Saving project information...
4/2/2020 1:19:38 PM, Info: Validating assembly D:\C#\s#\JsonConfig\JsonConfigManager\JsonConfigManager\bin\Debug\JsonConfigManager.dll...
4/2/2020 1:19:39 PM, Info: Verifying assembly D:\C#\s#\JsonConfig\JsonConfigManager\JsonConfigManager\bin\Debug\JsonConfigManager.dll
4/2/2020 1:19:39 PM, Info: Creating Archive D:\C#\s#\JsonConfig\JsonConfigManager\JsonConfigManager\bin\Debug\JsonConfigManager.clz...
4/2/2020 1:19:41 PM, Info: Saving project information...
4/2/2020 1:26:00 PM, Info: Validating assembly D:\C#\s#\JsonConfig\JsonConfigManager\JsonConfigManager\bin\Debug\JsonConfigManager.dll...
4/2/2020 1:26:01 PM, Info: Verifying assembly D:\C#\s#\JsonConfig\JsonConfigManager\JsonConfigManager\bin\Debug\JsonConfigManager.dll
4/2/2020 1:26:01 PM, Info: Creating Archive D:\C#\s#\JsonConfig\JsonConfigManager\JsonConfigManager\bin\Debug\JsonConfigManager.clz...
4/2/2020 1:26:02 PM, Info: Saving project information...
4/2/2020 1:34:21 PM, Info: Validating assembly D:\C#\s#\JsonConfig\JsonConfigManager\JsonConfigManager\bin\Debug\JsonConfigManager.dll...
4/2/2020 1:34:21 PM, Info: Verifying assembly D:\C#\s#\JsonConfig\JsonConfigManager\JsonConfigManager\bin\Debug\JsonConfigManager.dll
4/2/2020 1:34:22 PM, Info: Creating Archive D:\C#\s#\JsonConfig\JsonConfigManager\JsonConfigManager\bin\Debug\JsonConfigManager.clz...
4/2/2020 1:34:23 PM, Info: Saving project information...
4/2/2020 1:50:15 PM, Info: Validating assembly D:\C#\s#\JsonConfig\JsonConfigManager\JsonConfigManager\bin\Debug\JsonConfigManager.dll...
4/2/2020 1:50:16 PM, Info: Verifying assembly D:\C#\s#\JsonConfig\JsonConfigManager\JsonConfigManager\bin\Debug\JsonConfigManager.dll
4/2/2020 1:50:16 PM, Info: Creating Archive D:\C#\s#\JsonConfig\JsonConfigManager\JsonConfigManager\bin\Debug\JsonConfigManager.clz...
4/2/2020 1:50:17 PM, Info: Saving project information...
4/2/2020 1:56:09 PM, Info: Validating assembly D:\C#\s#\JsonConfig\JsonConfigManager\JsonConfigManager\bin\Debug\JsonConfigManager.dll...
4/2/2020 1:56:10 PM, Info: Verifying assembly D:\C#\s#\JsonConfig\JsonConfigManager\JsonConfigManager\bin\Debug\JsonConfigManager.dll
4/2/2020 1:56:10 PM, Info: Creating Archive D:\C#\s#\JsonConfig\JsonConfigManager\JsonConfigManager\bin\Debug\JsonConfigManager.clz...
4/2/2020 1:56:11 PM, Info: Saving project information...
4/2/2020 2:52:07 PM, Info: Validating assembly D:\C#\s#\JsonConfig\JsonConfigManager\JsonConfigManager\bin\Debug\JsonConfigManager.dll...
4/2/2020 2:52:08 PM, Info: Verifying assembly D:\C#\s#\JsonConfig\JsonConfigManager\JsonConfigManager\bin\Debug\JsonConfigManager.dll
4/2/2020 2:52:09 PM, Info: Creating Archive D:\C#\s#\JsonConfig\JsonConfigManager\JsonConfigManager\bin\Debug\JsonConfigManager.clz...
4/2/2020 2:52:10 PM, Info: Saving project information...
4/2/2020 3:14:46 PM, Info: Validating assembly D:\C#\s#\JsonConfig\JsonConfigManager\JsonConfigManager\bin\Debug\JsonConfigManager.dll...
4/2/2020 3:14:46 PM, Info: Verifying assembly D:\C#\s#\JsonConfig\JsonConfigManager\JsonConfigManager\bin\Debug\JsonConfigManager.dll
4/2/2020 3:14:47 PM, Info: Creating Archive D:\C#\s#\JsonConfig\JsonConfigManager\JsonConfigManager\bin\Debug\JsonConfigManager.clz...
4/2/2020 3:14:48 PM, Info: Saving project information...
4/2/2020 3:27:09 PM, Info: Validating assembly D:\C#\s#\JsonConfig\JsonConfigManager\JsonConfigManager\bin\Debug\JsonConfigManager.dll...
4/2/2020 3:27:09 PM, Info: Verifying assembly D:\C#\s#\JsonConfig\JsonConfigManager\JsonConfigManager\bin\Debug\JsonConfigManager.dll
4/2/2020 3:27:10 PM, Info: Creating Archive D:\C#\s#\JsonConfig\JsonConfigManager\JsonConfigManager\bin\Debug\JsonConfigManager.clz...
4/2/2020 3:27:11 PM, Info: Saving project information...
4/2/2020 3:31:54 PM, Info: Validating assembly D:\C#\s#\JsonConfig\JsonConfigManager\JsonConfigManager\bin\Debug\JsonConfigManager.dll...
4/2/2020 3:31:55 PM, Info: Verifying assembly D:\C#\s#\JsonConfig\JsonConfigManager\JsonConfigManager\bin\Debug\JsonConfigManager.dll
4/2/2020 3:31:56 PM, Info: Creating Archive D:\C#\s#\JsonConfig\JsonConfigManager\JsonConfigManager\bin\Debug\JsonConfigManager.clz...
4/2/2020 3:31:58 PM, Info: Saving project information...
4/2/2020 3:33:21 PM, Info: Validating assembly D:\C#\s#\JsonConfig\JsonConfigManager\JsonConfigManager\bin\Debug\JsonConfigManager.dll...
4/2/2020 3:33:22 PM, Info: Verifying assembly D:\C#\s#\JsonConfig\JsonConfigManager\JsonConfigManager\bin\Debug\JsonConfigManager.dll
4/2/2020 3:33:22 PM, Info: Creating Archive D:\C#\s#\JsonConfig\JsonConfigManager\JsonConfigManager\bin\Debug\JsonConfigManager.clz...
4/2/2020 3:33:23 PM, Info: Saving project information...
4/2/2020 3:35:47 PM, Info: Validating assembly D:\C#\s#\JsonConfig\JsonConfigManager\JsonConfigManager\bin\Debug\JsonConfigManager.dll...
4/2/2020 3:35:47 PM, Info: Verifying assembly D:\C#\s#\JsonConfig\JsonConfigManager\JsonConfigManager\bin\Debug\JsonConfigManager.dll
4/2/2020 3:35:48 PM, Info: Creating Archive D:\C#\s#\JsonConfig\JsonConfigManager\JsonConfigManager\bin\Debug\JsonConfigManager.clz...
4/2/2020 3:35:49 PM, Info: Saving project information...
4/2/2020 3:39:28 PM, Info: Validating assembly D:\C#\s#\JsonConfig\JsonConfigManager\JsonConfigManager\bin\Debug\JsonConfigManager.dll...
4/2/2020 3:39:28 PM, Info: Verifying assembly D:\C#\s#\JsonConfig\JsonConfigManager\JsonConfigManager\bin\Debug\JsonConfigManager.dll
4/2/2020 3:39:29 PM, Info: Creating Archive D:\C#\s#\JsonConfig\JsonConfigManager\JsonConfigManager\bin\Debug\JsonConfigManager.clz...
4/2/2020 3:39:30 PM, Info: Saving project information...
4/2/2020 3:42:59 PM, Info: Validating assembly D:\C#\s#\JsonConfig\JsonConfigManager\JsonConfigManager\bin\Debug\JsonConfigManager.dll...
4/2/2020 3:43:00 PM, Info: Verifying assembly D:\C#\s#\JsonConfig\JsonConfigManager\JsonConfigManager\bin\Debug\JsonConfigManager.dll
4/2/2020 3:43:00 PM, Info: Creating Archive D:\C#\s#\JsonConfig\JsonConfigManager\JsonConfigManager\bin\Debug\JsonConfigManager.clz...
4/2/2020 3:43:01 PM, Info: Saving project information...
4/2/2020 3:44:12 PM, Info: Validating assembly D:\C#\s#\JsonConfig\JsonConfigManager\JsonConfigManager\bin\Debug\JsonConfigManager.dll...
4/2/2020 3:44:13 PM, Info: Verifying assembly D:\C#\s#\JsonConfig\JsonConfigManager\JsonConfigManager\bin\Debug\JsonConfigManager.dll
4/2/2020 3:44:13 PM, Info: Creating Archive D:\C#\s#\JsonConfig\JsonConfigManager\JsonConfigManager\bin\Debug\JsonConfigManager.clz...
4/2/2020 3:44:15 PM, Info: Saving project information...
4/2/2020 3:44:42 PM, Info: Saving project information...
4/2/2020 3:44:42 PM, Info: Saving project information...
4/2/2020 3:44:42 PM, Info: Saving project information...
4/2/2020 3:44:42 PM, Info: Saving project information...
4/2/2020 3:44:42 PM, Info: Saving project information...
4/2/2020 3:44:42 PM, Info: Saving project information...
4/2/2020 3:44:44 PM, Info: Validating assembly D:\C#\s#\JsonConfig\JsonConfigManager\JsonConfigManager\bin\Debug\JsonConfigManager.dll...
4/2/2020 3:44:45 PM, Info: Verifying assembly D:\C#\s#\JsonConfig\JsonConfigManager\JsonConfigManager\bin\Debug\JsonConfigManager.dll
4/2/2020 3:44:45 PM, Info: Creating Archive D:\C#\s#\JsonConfig\JsonConfigManager\JsonConfigManager\bin\Debug\JsonConfigManager.clz...
4/2/2020 3:44:46 PM, Info: Saving project information...
4/2/2020 3:47:41 PM, Info: Validating assembly D:\C#\s#\JsonConfig\JsonConfigManager\JsonConfigManager\bin\Debug\JsonConfigManager.dll...
4/2/2020 3:47:41 PM, Info: Verifying assembly D:\C#\s#\JsonConfig\JsonConfigManager\JsonConfigManager\bin\Debug\JsonConfigManager.dll
4/2/2020 3:47:42 PM, Info: Creating Archive D:\C#\s#\JsonConfig\JsonConfigManager\JsonConfigManager\bin\Debug\JsonConfigManager.clz...
4/2/2020 3:47:43 PM, Info: Saving project information...
4/2/2020 3:49:01 PM, Info: Terminating SIMPLSharp Services
